{"contracts\\Voting.sol":{"l":{"40":8,"41":7,"45":3,"46":2,"53":12,"54":12,"55":36,"63":7,"65":5,"66":5,"67":5,"68":5,"70":5,"75":2,"80":2,"89":3,"90":3,"91":3,"96":1,"102":38,"103":37,"104":37,"105":37,"109":10},"path":"C:\\PuroFuro\\Code\\blockchain-project3-RumahMenur\\contracts\\Voting.sol","s":{"1":8,"2":3,"3":12,"4":36,"5":7,"6":5,"7":5,"8":2,"9":2,"10":3,"11":3,"12":3,"13":1,"14":38,"15":37,"16":37,"17":37,"18":10},"b":{"1":[7,1],"2":[2,1],"3":[7,1],"4":[5,2],"5":[2,1],"6":[3,0],"7":[37,1]},"f":{"1":8,"2":3,"3":12,"4":7,"5":2,"6":2,"7":3,"8":1,"9":38,"10":10},"fnMap":{"1":{"name":"hasNotVoted","line":39,"loc":{"start":{"line":39,"column":4},"end":{"line":42,"column":4}}},"2":{"name":"onlyOwner","line":44,"loc":{"start":{"line":44,"column":4},"end":{"line":47,"column":4}}},"3":{"name":"constructor","line":52,"loc":{"start":{"line":52,"column":4},"end":{"line":57,"column":4}}},"4":{"name":"vote","line":62,"loc":{"start":{"line":62,"column":4},"end":{"line":71,"column":4}}},"5":{"name":"addCandidate","line":74,"loc":{"start":{"line":74,"column":4},"end":{"line":76,"column":4}}},"6":{"name":"getCandidateCount","line":79,"loc":{"start":{"line":79,"column":4},"end":{"line":81,"column":4}}},"7":{"name":"getCandidate","line":84,"loc":{"start":{"line":84,"column":4},"end":{"line":92,"column":4}}},"8":{"name":"getAllCandidates","line":95,"loc":{"start":{"line":95,"column":4},"end":{"line":97,"column":4}}},"9":{"name":"_addCandidate","line":101,"loc":{"start":{"line":101,"column":4},"end":{"line":106,"column":4}}},"10":{"name":"_isValidCandidate","line":108,"loc":{"start":{"line":108,"column":4},"end":{"line":110,"column":4}}}},"statementMap":{"1":{"start":{"line":40,"column":8},"end":{"line":40,"column":74}},"2":{"start":{"line":45,"column":8},"end":{"line":45,"column":70}},"3":{"start":{"line":54,"column":8},"end":{"line":54,"column":2136}},"4":{"start":{"line":55,"column":12},"end":{"line":55,"column":43}},"5":{"start":{"line":63,"column":8},"end":{"line":63,"column":78}},"6":{"start":{"line":66,"column":8},"end":{"line":66,"column":57}},"7":{"start":{"line":70,"column":8},"end":{"line":70,"column":56}},"8":{"start":{"line":75,"column":8},"end":{"line":75,"column":26}},"9":{"start":{"line":80,"column":8},"end":{"line":80,"column":32}},"10":{"start":{"line":89,"column":8},"end":{"line":89,"column":78}},"11":{"start":{"line":90,"column":8},"end":{"line":90,"column":57}},"12":{"start":{"line":91,"column":8},"end":{"line":91,"column":42}},"13":{"start":{"line":96,"column":8},"end":{"line":96,"column":25}},"14":{"start":{"line":102,"column":8},"end":{"line":102,"column":70}},"15":{"start":{"line":103,"column":8},"end":{"line":103,"column":42}},"16":{"start":{"line":104,"column":8},"end":{"line":104,"column":69}},"17":{"start":{"line":105,"column":8},"end":{"line":105,"column":37}},"18":{"start":{"line":109,"column":8},"end":{"line":109,"column":67}}},"branchMap":{"1":{"line":40,"type":"if","locations":[{"start":{"line":40,"column":8},"end":{"line":40,"column":8}},{"start":{"line":40,"column":8},"end":{"line":40,"column":8}}]},"2":{"line":45,"type":"if","locations":[{"start":{"line":45,"column":8},"end":{"line":45,"column":8}},{"start":{"line":45,"column":8},"end":{"line":45,"column":8}}]},"3":{"line":62,"type":"if","locations":[{"start":{"line":62,"column":48},"end":{"line":62,"column":48}},{"start":{"line":62,"column":48},"end":{"line":62,"column":48}}]},"4":{"line":63,"type":"if","locations":[{"start":{"line":63,"column":8},"end":{"line":63,"column":8}},{"start":{"line":63,"column":8},"end":{"line":63,"column":8}}]},"5":{"line":74,"type":"if","locations":[{"start":{"line":74,"column":57},"end":{"line":74,"column":57}},{"start":{"line":74,"column":57},"end":{"line":74,"column":57}}]},"6":{"line":89,"type":"if","locations":[{"start":{"line":89,"column":8},"end":{"line":89,"column":8}},{"start":{"line":89,"column":8},"end":{"line":89,"column":8}}]},"7":{"line":102,"type":"if","locations":[{"start":{"line":102,"column":8},"end":{"line":102,"column":8}},{"start":{"line":102,"column":8},"end":{"line":102,"column":8}}]}}}}