TN:
SF:C:\PuroFuro\Code\blockchain-project3-RumahMenur\contracts\Voting.sol
FN:39,hasNotVoted
FN:44,onlyOwner
FN:52,constructor
FN:62,vote
FN:74,addCandidate
FN:79,getCandidateCount
FN:84,getCandidate
FN:95,getAllCandidates
FN:101,_addCandidate
FN:108,_isValidCandidate
FNF:10
FNH:10
FNDA:8,hasNotVoted
FNDA:3,onlyOwner
FNDA:12,constructor
FNDA:7,vote
FNDA:2,addCandidate
FNDA:2,getCandidateCount
FNDA:3,getCandidate
FNDA:1,getAllCandidates
FNDA:38,_addCandidate
FNDA:10,_isValidCandidate
DA:40,8
DA:41,7
DA:45,3
DA:46,2
DA:53,12
DA:54,12
DA:55,36
DA:63,7
DA:65,5
DA:66,5
DA:67,5
DA:68,5
DA:70,5
DA:75,2
DA:80,2
DA:89,3
DA:90,3
DA:91,3
DA:96,1
DA:102,38
DA:103,37
DA:104,37
DA:105,37
DA:109,10
LF:24
LH:24
BRDA:40,1,0,7
BRDA:40,1,1,1
BRDA:45,2,0,2
BRDA:45,2,1,1
BRDA:62,3,0,7
BRDA:62,3,1,1
BRDA:63,4,0,5
BRDA:63,4,1,2
BRDA:74,5,0,2
BRDA:74,5,1,1
BRDA:89,6,0,3
BRDA:89,6,1,0
BRDA:102,7,0,37
BRDA:102,7,1,1
BRF:14
BRH:13
end_of_record
